<?xml version="1.0" encoding="UTF-8"?>
<!-- Generated by org.testng.reporters.JUnitReportReporter -->
<testsuite hostname="LAPTOP-JA1FK4VN" failures="0" tests="3" name="Module1_Test.Adactin_TestClass" time="15.386" errors="0" timestamp="2023-09-20T19:28:37 IST" skipped="0">
  <testcase classname="Module1_Test.Adactin_TestClass" name="VerifyUserName" time="5.473"/>
  <testcase classname="Module1_Test.Adactin_TestClass" name="GetTitleofApp" time="2.308"/>
  <testcase classname="Module1_Test.Adactin_TestClass" name="BookAHotel" time="7.605"/>
</testsuite> <!-- Module1_Test.Adactin_TestClass -->
